<?xml version="1.0" encoding="UTF-8"?>
<!-- Generated by org.testng.reporters.JUnitReportReporter -->
<testsuite hostname="TYSS-Priyatharsan_D" failures="0" tests="1" name="com.selenium.Read.ReadDB" time="0.589" errors="0" timestamp="2025-02-05T12:27:01 IST" skipped="0">
  <testcase classname="com.selenium.Read.ReadDB" name="dbTest" time="0.589"/>
  <system-out/>
</testsuite> <!-- com.selenium.Read.ReadDB -->
