<?xml version="1.0" encoding="UTF-8"?>
<!-- Generated by org.testng.reporters.JUnitReportReporter -->
<testsuite hostname="TYSS-Priyatharsan_D" failures="0" tests="1" name="com.selenium.Action.HorizondalScroll" time="8.501" errors="0" timestamp="2025-02-04T18:14:28 IST" skipped="0">
  <testcase classname="com.selenium.Action.HorizondalScroll" name="scrollTest" time="8.501"/>
  <system-out/>
</testsuite> <!-- com.selenium.Action.HorizondalScroll -->
