<?xml version="1.0" encoding="UTF-8"?>
<!-- Generated by org.testng.reporters.JUnitReportReporter -->
<testsuite hostname="TYSS-Priyatharsan_D" failures="0" tests="1" name="com.selenium.screenshots.HighLightAndScreenshot" time="7.350" errors="0" timestamp="2025-02-04T18:43:12 IST" skipped="0">
  <testcase classname="com.selenium.screenshots.HighLightAndScreenshot" name="highLightAndScreenshot" time="7.350"/>
  <system-out/>
</testsuite> <!-- com.selenium.screenshots.HighLightAndScreenshot -->
