<?xml version="1.0" encoding="UTF-8"?>
<!-- Generated by org.testng.reporters.JUnitReportReporter -->
<testsuite hostname="TYSS-Priyatharsan_D" failures="0" tests="1" name="com.selenium.Action.KeyboardAction" time="6.456" errors="0" timestamp="2025-02-04T17:59:40 IST" skipped="0">
  <testcase classname="com.selenium.Action.KeyboardAction" name="keyboardActionTest" time="6.456"/>
  <system-out/>
</testsuite> <!-- com.selenium.Action.KeyboardAction -->
