<?xml version="1.0" encoding="UTF-8"?>
<!-- Generated by org.testng.reporters.JUnitReportReporter -->
<testsuite hostname="TYSS-Priyatharsan_D" failures="0" tests="1" name="com.selenium.jsExecutor.HighLight" time="8.070" errors="0" timestamp="2025-02-04T18:30:16 IST" skipped="0">
  <testcase classname="com.selenium.jsExecutor.HighLight" name="highLight" time="8.070"/>
  <system-out/>
</testsuite> <!-- com.selenium.jsExecutor.HighLight -->
