<?xml version="1.0" encoding="UTF-8"?>
<!-- Generated by org.testng.reporters.JUnitReportReporter -->
<testsuite hostname="TYSS-Priyatharsan_D" failures="0" tests="1" name="com.selenium.jsExecutor.ClickElement" time="7.496" errors="0" timestamp="2025-02-04T18:25:54 IST" skipped="0">
  <testcase classname="com.selenium.jsExecutor.ClickElement" name="PassValueAndclick" time="7.496"/>
  <system-out/>
</testsuite> <!-- com.selenium.jsExecutor.ClickElement -->
