<?xml version="1.0" encoding="UTF-8"?>
<!-- Generated by org.testng.reporters.JUnitReportReporter -->
<testsuite hostname="TYSS-Priyatharsan_D" failures="0" tests="1" name="com.selenium.popups.FileUpload" time="7.016" errors="0" timestamp="2025-02-04T16:19:36 IST" skipped="0">
  <testcase classname="com.selenium.popups.FileUpload" name="uploadTest" time="7.016"/>
  <system-out/>
</testsuite> <!-- com.selenium.popups.FileUpload -->
