<?xml version="1.0" encoding="UTF-8"?>
<!-- Generated by org.testng.reporters.JUnitReportReporter -->
<testsuite hostname="TYSS-Priyatharsan_D" failures="0" tests="1" name="com.selenium.screenshots.WebElementScreenshots" time="7.662" errors="0" timestamp="2025-02-04T15:31:36 IST" skipped="0">
  <testcase classname="com.selenium.screenshots.WebElementScreenshots" name="test" time="7.662"/>
  <system-out/>
</testsuite> <!-- com.selenium.screenshots.WebElementScreenshots -->
