<?xml version="1.0" encoding="UTF-8"?>
<!-- Generated by org.testng.reporters.JUnitReportReporter -->
<testsuite hostname="TYSS-Priyatharsan_D" failures="0" tests="1" name="com.selenium.Read.ReadExcel" time="0.546" errors="0" timestamp="2025-02-05T11:10:37 IST" skipped="0">
  <testcase classname="com.selenium.Read.ReadExcel" name="readExcelTest" time="0.546"/>
  <system-out/>
</testsuite> <!-- com.selenium.Read.ReadExcel -->
