<?xml version="1.0" encoding="UTF-8"?>
<!-- Generated by org.testng.reporters.JUnitReportReporter -->
<testsuite hostname="TYSS-Priyatharsan_D" failures="0" tests="1" name="com.selenium.screenshots.ScreenshotOnDriver" time="6.802" errors="0" timestamp="2025-02-04T15:27:28 IST" skipped="0">
  <testcase classname="com.selenium.screenshots.ScreenshotOnDriver" name="screenshotTest" time="6.802"/>
  <system-out/>
</testsuite> <!-- com.selenium.screenshots.ScreenshotOnDriver -->
