<?xml version="1.0" encoding="UTF-8"?>
<!-- Generated by org.testng.reporters.JUnitReportReporter -->
<testsuite hostname="TYSS-Priyatharsan_D" failures="0" tests="1" name="com.selenium.Basic.Locators" time="8.295" errors="0" timestamp="2025-02-04T12:30:35 IST" skipped="0">
  <testcase classname="com.selenium.Basic.Locators" name="locators" time="8.295"/>
  <system-out/>
</testsuite> <!-- com.selenium.Basic.Locators -->
