<?xml version="1.0" encoding="UTF-8"?>
<!-- Generated by org.testng.reporters.JUnitReportReporter -->
<testsuite hostname="TYSS-Priyatharsan_D" failures="0" tests="1" name="com.selenium.popups.JavaScriptPopups" time="6.544" errors="0" timestamp="2025-02-04T16:04:42 IST" skipped="0">
  <testcase classname="com.selenium.popups.JavaScriptPopups" name="alertTest" time="6.544"/>
  <system-out/>
</testsuite> <!-- com.selenium.popups.JavaScriptPopups -->
