<?xml version="1.0" encoding="UTF-8"?>
<!-- Generated by org.testng.reporters.JUnitReportReporter -->
<testsuite hostname="TYSS-Priyatharsan_D" failures="0" tests="1" name="com.selenium.Action.MouseAction" time="7.423" errors="0" timestamp="2025-02-04T17:53:45 IST" skipped="0">
  <testcase classname="com.selenium.Action.MouseAction" name="mouseAction" time="7.423"/>
  <system-out/>
</testsuite> <!-- com.selenium.Action.MouseAction -->
