<?xml version="1.0" encoding="UTF-8"?>
<!-- Generated by org.testng.reporters.JUnitReportReporter -->
<testsuite hostname="TYSS-Priyatharsan_D" failures="0" tests="1" name="com.selenium.Action.Scrolling" time="7.176" errors="0" timestamp="2025-02-04T18:07:16 IST" skipped="0">
  <testcase classname="com.selenium.Action.Scrolling" name="scrollTest" time="7.176"/>
  <system-out/>
</testsuite> <!-- com.selenium.Action.Scrolling -->
