<?xml version="1.0" encoding="UTF-8"?>
<!-- Generated by org.testng.reporters.JUnitReportReporter -->
<testsuite hostname="TYSS-Priyatharsan_D" failures="0" tests="1" name="com.selenium.Read.ReadPropertyFile" time="0.010" errors="0" timestamp="2025-02-05T11:14:17 IST" skipped="0">
  <testcase classname="com.selenium.Read.ReadPropertyFile" name="Read" time="0.010"/>
  <system-out/>
</testsuite> <!-- com.selenium.Read.ReadPropertyFile -->
