<?xml version="1.0" encoding="UTF-8"?>
<!-- Generated by org.testng.reporters.JUnitReportReporter -->
<testsuite hostname="TYSS-Priyatharsan_D" failures="0" tests="1" name="com.selenium.popups.FileDownload" time="6.163" errors="0" timestamp="2025-02-04T16:22:35 IST" skipped="0">
  <testcase classname="com.selenium.popups.FileDownload" name="downloadTest" time="6.163"/>
  <system-out/>
</testsuite> <!-- com.selenium.popups.FileDownload -->
