<?xml version="1.0" encoding="UTF-8"?>
<!-- Generated by org.testng.reporters.JUnitReportReporter -->
<testsuite hostname="TYSS-Priyatharsan_D" failures="0" tests="1" name="com.selenium.Read.ReadJson" time="0.029" errors="0" timestamp="2025-02-05T12:11:54 IST" skipped="0">
  <testcase classname="com.selenium.Read.ReadJson" name="read" time="0.029"/>
  <system-out/>
</testsuite> <!-- com.selenium.Read.ReadJson -->
