<?xml version="1.0" encoding="UTF-8"?>
<!-- Generated by org.testng.reporters.JUnitReportReporter -->
<testsuite hostname="TYSS-Priyatharsan_D" failures="0" tests="1" name="com.selenium.webElementMethods.Verification" time="6.497" errors="0" timestamp="2025-02-04T15:56:36 IST" skipped="0">
  <testcase classname="com.selenium.webElementMethods.Verification" name="verificationTest" time="6.497"/>
  <system-out/>
</testsuite> <!-- com.selenium.webElementMethods.Verification -->
