<?xml version="1.0" encoding="UTF-8"?>
<!-- Generated by org.testng.reporters.JUnitReportReporter -->
<testsuite hostname="TYSS-Priyatharsan_D" failures="0" tests="1" name="com.selenium.jsExecutor.ReadTitle" time="6.573" errors="0" timestamp="2025-02-04T18:56:49 IST" skipped="0">
  <testcase classname="com.selenium.jsExecutor.ReadTitle" name="getTittleTest" time="6.573"/>
  <system-out/>
</testsuite> <!-- com.selenium.jsExecutor.ReadTitle -->
